<?xml version="1.0" encoding="UTF-8"?>
<!-- Generated by org.testng.reporters.JUnitReportReporter -->
<testsuite hostname="DESKTOP-7LN5Q0L" failures="0" tests="1" name="Exp_TestNG.beforemehodaftermethod" time="0.042" errors="0" timestamp="2023-05-09T14:48:10 IST" skipped="0">
  <testcase classname="Exp_TestNG.beforemehodaftermethod" name="second" time="0.042"/>
  <system-out/>
</testsuite> <!-- Exp_TestNG.beforemehodaftermethod -->
