<?xml version="1.0" encoding="UTF-8"?>
<!-- Generated by org.testng.reporters.JUnitReportReporter -->
<testsuite hostname="DESKTOP-7LN5Q0L" failures="0" tests="2" name="Exp_TestNG.secondin_TestNG" time="0.006" errors="0" timestamp="2023-05-09T14:48:10 IST" skipped="0">
  <testcase classname="Exp_TestNG.secondin_TestNG" name="second" time="0.004"/>
  <system-out/>
  <testcase classname="Exp_TestNG.secondin_TestNG" name="third" time="0.002"/>
  <system-out/>
</testsuite> <!-- Exp_TestNG.secondin_TestNG -->
