<?xml version="1.0" encoding="UTF-8"?>
<!-- Generated by org.testng.reporters.JUnitReportReporter -->
<testsuite hostname="DESKTOP-7LN5Q0L" failures="0" tests="1" name="com.hrms.testscripts.TC002_addEmp" time="172.418" errors="0" timestamp="2023-05-12T14:04:08 IST" skipped="0">
  <testcase classname="com.hrms.testscripts.TC002_addEmp" name="tc002" time="172.418"/>
  <system-out/>
</testsuite> <!-- com.hrms.testscripts.TC002_addEmp -->
