<?xml version="1.0" encoding="UTF-8"?>
<!-- Generated by org.testng.reporters.JUnitReportReporter -->
<testsuite hostname="DESKTOP-7LN5Q0L" failures="0" tests="2" name="Exp_TestNG.login_logo" time="0.022" errors="0" timestamp="2023-05-09T14:48:10 IST" skipped="0">
  <testcase classname="Exp_TestNG.login_logo" name="logo" time="0.014"/>
  <system-out/>
  <testcase classname="Exp_TestNG.login_logo" name="login" time="0.008"/>
  <system-out/>
</testsuite> <!-- Exp_TestNG.login_logo -->
